\BOOKMARK [0][-]{chapter.1}{Executive Summary}{}% 1
\BOOKMARK [0][-]{chapter.2}{Exercise 7.3.1}{}% 2
\BOOKMARK [1][-]{section.2.1}{Problem Statement}{chapter.2}% 3
\BOOKMARK [1][-]{section.2.2}{Relevant Code}{chapter.2}% 4
\BOOKMARK [1][-]{section.2.3}{Test Cases}{chapter.2}% 5
\BOOKMARK [1][-]{section.2.4}{Execution Transcripts}{chapter.2}% 6
\BOOKMARK [2][-]{subsection.2.4.1}{Explanation of Results}{section.2.4}% 7
\BOOKMARK [0][-]{chapter.3}{Exercise 7.3.2}{}% 8
\BOOKMARK [1][-]{section.3.1}{Problem Statement}{chapter.3}% 9
\BOOKMARK [1][-]{section.3.2}{Relevant Code}{chapter.3}% 10
\BOOKMARK [1][-]{section.3.3}{Test Cases}{chapter.3}% 11
\BOOKMARK [1][-]{section.3.4}{Execution Transcripts}{chapter.3}% 12
\BOOKMARK [2][-]{subsection.3.4.1}{Explanation of Results}{section.3.4}% 13
\BOOKMARK [0][-]{chapter.4}{Exercise 7.3.3}{}% 14
\BOOKMARK [1][-]{section.4.1}{Problem Statement}{chapter.4}% 15
\BOOKMARK [1][-]{section.4.2}{Relevant Code}{chapter.4}% 16
\BOOKMARK [1][-]{section.4.3}{Test Cases}{chapter.4}% 17
\BOOKMARK [1][-]{section.4.4}{Execution Transcripts}{chapter.4}% 18
\BOOKMARK [2][-]{subsection.4.4.1}{Explanation of Results}{section.4.4}% 19
\BOOKMARK [0][-]{chapter.5}{Exercise 8.4.1}{}% 20
\BOOKMARK [1][-]{section.5.1}{Problem Statement}{chapter.5}% 21
\BOOKMARK [1][-]{section.5.2}{Relevant Code}{chapter.5}% 22
\BOOKMARK [1][-]{section.5.3}{Execution Transcripts}{chapter.5}% 23
\BOOKMARK [2][-]{subsection.5.3.1}{Explanation of Results}{section.5.3}% 24
\BOOKMARK [0][-]{chapter.6}{Exercise 8.4.2}{}% 25
\BOOKMARK [1][-]{section.6.1}{Problem Statement}{chapter.6}% 26
\BOOKMARK [1][-]{section.6.2}{Relevant Code}{chapter.6}% 27
\BOOKMARK [1][-]{section.6.3}{Execution Transcripts}{chapter.6}% 28
\BOOKMARK [2][-]{subsection.6.3.1}{Explanation of Results}{section.6.3}% 29
\BOOKMARK [0][-]{chapter.7}{Exercise 8.4.3}{}% 30
\BOOKMARK [1][-]{section.7.1}{Problem Statement}{chapter.7}% 31
\BOOKMARK [1][-]{section.7.2}{Relevant Code}{chapter.7}% 32
\BOOKMARK [1][-]{section.7.3}{Execution Transcripts}{chapter.7}% 33
\BOOKMARK [2][-]{subsection.7.3.1}{Explanation of Results}{section.7.3}% 34
\BOOKMARK [0][-]{chapter.8}{Appendix A: Chapter 7}{}% 35
\BOOKMARK [0][-]{chapter.9}{Appendix B: Chapter 8}{}% 36
