\BOOKMARK [0][-]{chapter.1}{Executive Summary}{}% 1
\BOOKMARK [0][-]{chapter.2}{Exercise 7.3.1}{}% 2
\BOOKMARK [1][-]{section.2.1}{Problem Statement}{chapter.2}% 3
\BOOKMARK [1][-]{section.2.2}{Relevant Code}{chapter.2}% 4
\BOOKMARK [1][-]{section.2.3}{Test Cases}{chapter.2}% 5
\BOOKMARK [1][-]{section.2.4}{Execution Transcripts}{chapter.2}% 6
\BOOKMARK [2][-]{subsection.2.4.1}{Explanation of Results}{section.2.4}% 7
\BOOKMARK [0][-]{chapter.3}{Exercise 7.3.2}{}% 8
\BOOKMARK [1][-]{section.3.1}{Problem Statement}{chapter.3}% 9
\BOOKMARK [1][-]{section.3.2}{Relevant Code}{chapter.3}% 10
\BOOKMARK [1][-]{section.3.3}{Test Cases}{chapter.3}% 11
\BOOKMARK [1][-]{section.3.4}{Execution Transcripts}{chapter.3}% 12
\BOOKMARK [2][-]{subsection.3.4.1}{Explanation of Results}{section.3.4}% 13
\BOOKMARK [0][-]{chapter.4}{Exercise 7.3.3}{}% 14
\BOOKMARK [1][-]{section.4.1}{Problem Statement}{chapter.4}% 15
\BOOKMARK [1][-]{section.4.2}{Relevant Code}{chapter.4}% 16
\BOOKMARK [1][-]{section.4.3}{Test Cases}{chapter.4}% 17
\BOOKMARK [1][-]{section.4.4}{Execution Transcripts}{chapter.4}% 18
\BOOKMARK [2][-]{subsection.4.4.1}{Explanation of Results}{section.4.4}% 19
\BOOKMARK [0][-]{chapter.5}{Appendix A: Exercise 7.3.1}{}% 20
\BOOKMARK [0][-]{chapter.6}{Appendix B: Exercise 7.3.2}{}% 21
\BOOKMARK [0][-]{chapter.7}{Appendix C: Exercise 7.3.3}{}% 22
