This is pdfTeX, Version 3.14159265-2.6-1.40.16 (TeX Live 2015/Debian) (preloaded format=pdflatex 2018.8.16)  21 JUL 2019 11:21
entering extended mode
 restricted \write18 enabled.
 file:line:error style messages enabled.
 %&-line parsing enabled.
**\input Project2.tex
(./Project2.tex (/usr/share/texlive/texmf-dist/tex/latex/base/report.cls
Document Class: report 2014/09/29 v1.4h Standard LaTeX document class
(/usr/share/texlive/texmf-dist/tex/latex/base/size10.clo
File: size10.clo 2014/09/29 v1.4h Standard LaTeX file (size option)
)
\c@part=\count79
\c@chapter=\count80
\c@section=\count81
\c@subsection=\count82
\c@subsubsection=\count83
\c@paragraph=\count84
\c@subparagraph=\count85
\c@figure=\count86
\c@table=\count87
\abovecaptionskip=\skip41
\belowcaptionskip=\skip42
\bibindent=\dimen102
) (./634format.sty
(/usr/share/texlive/texmf-dist/tex/latex/geometry/geometry.sty
Package: geometry 2010/09/12 v5.6 Page Geometry

(/usr/share/texlive/texmf-dist/tex/latex/graphics/keyval.sty
Package: keyval 2014/10/28 v1.15 key=value parser (DPC)
\KV@toks@=\toks14
)
(/usr/share/texlive/texmf-dist/tex/generic/oberdiek/ifpdf.sty
Package: ifpdf 2011/01/30 v2.3 Provides the ifpdf switch (HO)
Package ifpdf Info: pdfTeX in PDF mode is detected.
)
(/usr/share/texlive/texmf-dist/tex/generic/oberdiek/ifvtex.sty
Package: ifvtex 2010/03/01 v1.5 Detect VTeX and its facilities (HO)
Package ifvtex Info: VTeX not detected.
)
(/usr/share/texlive/texmf-dist/tex/generic/ifxetex/ifxetex.sty
Package: ifxetex 2010/09/12 v0.6 Provides ifxetex conditional
)
\Gm@cnth=\count88
\Gm@cntv=\count89
\c@Gm@tempcnt=\count90
\Gm@bindingoffset=\dimen103
\Gm@wd@mp=\dimen104
\Gm@odd@mp=\dimen105
\Gm@even@mp=\dimen106
\Gm@layoutwidth=\dimen107
\Gm@layoutheight=\dimen108
\Gm@layouthoffset=\dimen109
\Gm@layoutvoffset=\dimen110
\Gm@dimlist=\toks15
)
(/usr/share/texlive/texmf-dist/tex/latex/fancyhdr/fancyhdr.sty
\fancy@headwidth=\skip43
\f@ncyO@elh=\skip44
\f@ncyO@erh=\skip45
\f@ncyO@olh=\skip46
\f@ncyO@orh=\skip47
\f@ncyO@elf=\skip48
\f@ncyO@erf=\skip49
\f@ncyO@olf=\skip50
\f@ncyO@orf=\skip51
)

Package Fancyhdr Warning: \fancyhead's `E' option without twoside option is use
less on input line 30.

) (/usr/share/texlive/texmf-dist/tex/latex/tools/enumerate.sty
Package: enumerate 2015/07/23 v3.00 enumerate extensions (DPC)
\@enLab=\toks16
)
(/usr/share/texlive/texmf-dist/tex/latex/listings/listings.sty
\lst@mode=\count91
\lst@gtempboxa=\box26
\lst@token=\toks17
\lst@length=\count92
\lst@currlwidth=\dimen111
\lst@column=\count93
\lst@pos=\count94
\lst@lostspace=\dimen112
\lst@width=\dimen113
\lst@newlines=\count95
\lst@lineno=\count96
\lst@maxwidth=\dimen114

(/usr/share/texlive/texmf-dist/tex/latex/listings/lstmisc.sty
File: lstmisc.sty 2015/06/04 1.6 (Carsten Heinz)
\c@lstnumber=\count97
\lst@skipnumbers=\count98
\lst@framebox=\box27
)
(/usr/share/texlive/texmf-dist/tex/latex/listings/listings.cfg
File: listings.cfg 2015/06/04 1.6 listings configuration
))
Package: listings 2015/06/04 1.6 (Carsten Heinz)

(/usr/share/texlive/texmf-dist/tex/latex/amsmath/amsmath.sty
Package: amsmath 2016/03/03 v2.15a AMS math features
\@mathmargin=\skip52

For additional information on amsmath, use the `?' option.
(/usr/share/texlive/texmf-dist/tex/latex/amsmath/amstext.sty
Package: amstext 2000/06/29 v2.01 AMS text

(/usr/share/texlive/texmf-dist/tex/latex/amsmath/amsgen.sty
File: amsgen.sty 1999/11/30 v2.0 generic functions
\@emptytoks=\toks18
\ex@=\dimen115
))
(/usr/share/texlive/texmf-dist/tex/latex/amsmath/amsbsy.sty
Package: amsbsy 1999/11/29 v1.2d Bold Symbols
\pmbraise@=\dimen116
)
(/usr/share/texlive/texmf-dist/tex/latex/amsmath/amsopn.sty
Package: amsopn 1999/12/14 v2.01 operator names
)
\inf@bad=\count99
LaTeX Info: Redefining \frac on input line 199.
\uproot@=\count100
\leftroot@=\count101
LaTeX Info: Redefining \overline on input line 297.
\classnum@=\count102
\DOTSCASE@=\count103
LaTeX Info: Redefining \ldots on input line 394.
LaTeX Info: Redefining \dots on input line 397.
LaTeX Info: Redefining \cdots on input line 518.
\Mathstrutbox@=\box28
\strutbox@=\box29
\big@size=\dimen117
LaTeX Font Info:    Redeclaring font encoding OML on input line 630.
LaTeX Font Info:    Redeclaring font encoding OMS on input line 631.
\macc@depth=\count104
\c@MaxMatrixCols=\count105
\dotsspace@=\muskip10
\c@parentequation=\count106
\dspbrk@lvl=\count107
\tag@help=\toks19
\row@=\count108
\column@=\count109
\maxfields@=\count110
\andhelp@=\toks20
\eqnshift@=\dimen118
\alignsep@=\dimen119
\tagshift@=\dimen120
\tagwidth@=\dimen121
\totwidth@=\dimen122
\lineht@=\dimen123
\@envbody=\toks21
\multlinegap=\skip53
\multlinetaggap=\skip54
\mathdisplay@stack=\toks22
LaTeX Info: Redefining \[ on input line 2735.
LaTeX Info: Redefining \] on input line 2736.
)
(/usr/share/texlive/texmf-dist/tex/latex/hyperref/hyperref.sty
Package: hyperref 2012/11/06 v6.83m Hypertext links for LaTeX

(/usr/share/texlive/texmf-dist/tex/generic/oberdiek/hobsub-hyperref.sty
Package: hobsub-hyperref 2012/05/28 v1.13 Bundle oberdiek, subset hyperref (HO)


(/usr/share/texlive/texmf-dist/tex/generic/oberdiek/hobsub-generic.sty
Package: hobsub-generic 2012/05/28 v1.13 Bundle oberdiek, subset generic (HO)
Package: hobsub 2012/05/28 v1.13 Construct package bundles (HO)
Package: infwarerr 2010/04/08 v1.3 Providing info/warning/error messages (HO)
Package: ltxcmds 2011/11/09 v1.22 LaTeX kernel commands for general use (HO)
Package: ifluatex 2010/03/01 v1.3 Provides the ifluatex switch (HO)
Package ifluatex Info: LuaTeX not detected.
Package hobsub Info: Skipping package `ifvtex' (already loaded).
Package: intcalc 2007/09/27 v1.1 Expandable calculations with integers (HO)
Package hobsub Info: Skipping package `ifpdf' (already loaded).
Package: etexcmds 2011/02/16 v1.5 Avoid name clashes with e-TeX commands (HO)
Package etexcmds Info: Could not find \expanded.
(etexcmds)             That can mean that you are not using pdfTeX 1.50 or
(etexcmds)             that some package has redefined \expanded.
(etexcmds)             In the latter case, load this package earlier.
Package: kvsetkeys 2012/04/25 v1.16 Key value parser (HO)
Package: kvdefinekeys 2011/04/07 v1.3 Define keys (HO)
Package: pdftexcmds 2011/11/29 v0.20 Utility functions of pdfTeX for LuaTeX (HO
)
Package pdftexcmds Info: LuaTeX not detected.
Package pdftexcmds Info: \pdf@primitive is available.
Package pdftexcmds Info: \pdf@ifprimitive is available.
Package pdftexcmds Info: \pdfdraftmode found.
Package: pdfescape 2011/11/25 v1.13 Implements pdfTeX's escape features (HO)
Package: bigintcalc 2012/04/08 v1.3 Expandable calculations on big integers (HO
)
Package: bitset 2011/01/30 v1.1 Handle bit-vector datatype (HO)
Package: uniquecounter 2011/01/30 v1.2 Provide unlimited unique counter (HO)
)
Package hobsub Info: Skipping package `hobsub' (already loaded).
Package: letltxmacro 2010/09/02 v1.4 Let assignment for LaTeX macros (HO)
Package: hopatch 2012/05/28 v1.2 Wrapper for package hooks (HO)
Package: xcolor-patch 2011/01/30 xcolor patch
Package: atveryend 2011/06/30 v1.8 Hooks at the very end of document (HO)
Package atveryend Info: \enddocument detected (standard20110627).
Package: atbegshi 2011/10/05 v1.16 At begin shipout hook (HO)
Package: refcount 2011/10/16 v3.4 Data extraction from label references (HO)
Package: hycolor 2011/01/30 v1.7 Color options for hyperref/bookmark (HO)
)
(/usr/share/texlive/texmf-dist/tex/latex/oberdiek/auxhook.sty
Package: auxhook 2011/03/04 v1.3 Hooks for auxiliary files (HO)
)
(/usr/share/texlive/texmf-dist/tex/latex/oberdiek/kvoptions.sty
Package: kvoptions 2011/06/30 v3.11 Key value format for package options (HO)
)
\@linkdim=\dimen124
\Hy@linkcounter=\count111
\Hy@pagecounter=\count112

(/usr/share/texlive/texmf-dist/tex/latex/hyperref/pd1enc.def
File: pd1enc.def 2012/11/06 v6.83m Hyperref: PDFDocEncoding definition (HO)
)
\Hy@SavedSpaceFactor=\count113

(/usr/share/texlive/texmf-dist/tex/latex/latexconfig/hyperref.cfg
File: hyperref.cfg 2002/06/06 v1.2 hyperref configuration of TeXLive
)
Package hyperref Info: Hyper figures OFF on input line 4443.
Package hyperref Info: Link nesting OFF on input line 4448.
Package hyperref Info: Hyper index ON on input line 4451.
Package hyperref Info: Plain pages OFF on input line 4458.
Package hyperref Info: Backreferencing OFF on input line 4463.
Package hyperref Info: Implicit mode ON; LaTeX internals redefined.
Package hyperref Info: Bookmarks ON on input line 4688.
\c@Hy@tempcnt=\count114

(/usr/share/texlive/texmf-dist/tex/latex/url/url.sty
\Urlmuskip=\muskip11
Package: url 2013/09/16  ver 3.4  Verb mode for urls, etc.
)
LaTeX Info: Redefining \url on input line 5041.
\XeTeXLinkMargin=\dimen125
\Fld@menulength=\count115
\Field@Width=\dimen126
\Fld@charsize=\dimen127
Package hyperref Info: Hyper figures OFF on input line 6295.
Package hyperref Info: Link nesting OFF on input line 6300.
Package hyperref Info: Hyper index ON on input line 6303.
Package hyperref Info: backreferencing OFF on input line 6310.
Package hyperref Info: Link coloring OFF on input line 6315.
Package hyperref Info: Link coloring with OCG OFF on input line 6320.
Package hyperref Info: PDF/A mode OFF on input line 6325.
LaTeX Info: Redefining \ref on input line 6365.
LaTeX Info: Redefining \pageref on input line 6369.
\Hy@abspage=\count116
\c@Item=\count117
\c@Hfootnote=\count118
)

Package hyperref Message: Driver (autodetected): hpdftex.

(/usr/share/texlive/texmf-dist/tex/latex/hyperref/hpdftex.def
File: hpdftex.def 2012/11/06 v6.83m Hyperref driver for pdfTeX
\Fld@listcount=\count119
\c@bookmark@seq@number=\count120

(/usr/share/texlive/texmf-dist/tex/latex/oberdiek/rerunfilecheck.sty
Package: rerunfilecheck 2011/04/15 v1.7 Rerun checks for auxiliary files (HO)
Package uniquecounter Info: New unique counter `rerunfilecheck' on input line 2
82.
)
\Hy@SectionHShift=\skip55
)
(./holtex.sty (/usr/share/texlive/texmf-dist/tex/latex/graphics/color.sty
Package: color 2016/01/03 v1.1b Standard LaTeX Color (DPC)

(/usr/share/texlive/texmf-dist/tex/latex/latexconfig/color.cfg
File: color.cfg 2007/01/18 v1.5 color configuration of teTeX/TeXLive
)
Package color Info: Driver file: pdftex.def on input line 143.

(/usr/share/texlive/texmf-dist/tex/latex/pdftex-def/pdftex.def
File: pdftex.def 2011/05/27 v0.06d Graphics/color for pdfTeX
\Gread@gobject=\count121
))
(./holtexbasic.sty
(/usr/share/texlive/texmf-dist/tex/latex/amsfonts/amssymb.sty
Package: amssymb 2013/01/14 v3.01 AMS font symbols

(/usr/share/texlive/texmf-dist/tex/latex/amsfonts/amsfonts.sty
Package: amsfonts 2013/01/14 v3.01 Basic AMSFonts support
\symAMSa=\mathgroup4
\symAMSb=\mathgroup5
LaTeX Font Info:    Overwriting math alphabet `\mathfrak' in version `bold'
(Font)                  U/euf/m/n --> U/euf/b/n on input line 106.
))
(/usr/share/texlive/texmf-dist/tex/latex/base/makeidx.sty
Package: makeidx 2014/09/29 v1.0m Standard LaTeX package
)
(/usr/share/texlive/texmf-dist/tex/latex/underscore/underscore.sty
Package: underscore 2006/09/13
LaTeX Info: Redefining \_ on input line 42.
)
(/usr/share/texlive/texmf-dist/tex/latex/fancyvrb/fancyvrb.sty
Package: fancyvrb 2008/02/07

Style option: `fancyvrb' v2.7a, with DG/SPQR fixes, and firstline=lastline fix 
<2008/02/07> (tvz)
\FV@CodeLineNo=\count122
\FV@InFile=\read1
\FV@TabBox=\box30
\c@FancyVerbLine=\count123
\FV@StepNumber=\count124
\FV@OutFile=\write3
))) (./commands.tex
\minipagewidth=\skip56
\hsbw=\skip57
\c@sessioncount=\count125
) (./Project2.aux)
\openout1 = `Project2.aux'.

LaTeX Font Info:    Checking defaults for OML/cmm/m/it on input line 21.
LaTeX Font Info:    ... okay on input line 21.
LaTeX Font Info:    Checking defaults for T1/cmr/m/n on input line 21.
LaTeX Font Info:    ... okay on input line 21.
LaTeX Font Info:    Checking defaults for OT1/cmr/m/n on input line 21.
LaTeX Font Info:    ... okay on input line 21.
LaTeX Font Info:    Checking defaults for OMS/cmsy/m/n on input line 21.
LaTeX Font Info:    ... okay on input line 21.
LaTeX Font Info:    Checking defaults for OMX/cmex/m/n on input line 21.
LaTeX Font Info:    ... okay on input line 21.
LaTeX Font Info:    Checking defaults for U/cmr/m/n on input line 21.
LaTeX Font Info:    ... okay on input line 21.
LaTeX Font Info:    Checking defaults for PD1/pdf/m/n on input line 21.
LaTeX Font Info:    ... okay on input line 21.

*geometry* driver: auto-detecting
*geometry* detected driver: pdftex
*geometry* verbose mode - [ preamble ] result:
* driver: pdftex
* paper: letterpaper
* layout: <same size as paper>
* layoutoffset:(h,v)=(0.0pt,0.0pt)
* modes: 
* h-part:(L,W,R)=(72.27pt, 469.75499pt, 72.27pt)
* v-part:(T,H,B)=(91.04881pt, 640.187pt, 63.73418pt)
* \paperwidth=614.295pt
* \paperheight=794.96999pt
* \textwidth=469.75499pt
* \textheight=640.187pt
* \oddsidemargin=0.00002pt
* \evensidemargin=0.00002pt
* \topmargin=-17.22118pt
* \headheight=16.0pt
* \headsep=20.0pt
* \topskip=10.0pt
* \footskip=36.98857pt
* \marginparwidth=65.0pt
* \marginparsep=11.0pt
* \columnsep=10.0pt
* \skip\footins=9.0pt plus 4.0pt minus 2.0pt
* \hoffset=0.0pt
* \voffset=0.0pt
* \mag=1000
* \@twocolumnfalse
* \@twosidefalse
* \@mparswitchfalse
* \@reversemarginfalse
* (1in=72.27pt=25.4mm, 1cm=28.453pt)

\c@lstlisting=\count126
\AtBeginShipoutBox=\box31
Package hyperref Info: Link coloring OFF on input line 21.
(/usr/share/texlive/texmf-dist/tex/latex/hyperref/nameref.sty
Package: nameref 2012/10/27 v2.43 Cross-referencing by name of section

(/usr/share/texlive/texmf-dist/tex/generic/oberdiek/gettitlestring.sty
Package: gettitlestring 2010/12/03 v1.4 Cleanup title references (HO)
)
\c@section@level=\count127
)
LaTeX Info: Redefining \ref on input line 21.
LaTeX Info: Redefining \pageref on input line 21.
LaTeX Info: Redefining \nameref on input line 21.

(./Project2.out) (./Project2.out)
\@outlinefile=\write4
\openout4 = `Project2.out'.


(/usr/share/texlive/texmf-dist/tex/context/base/supp-pdf.mkii
[Loading MPS to PDF converter (version 2006.09.02).]
\scratchcounter=\count128
\scratchdimen=\dimen128
\scratchbox=\box32
\nofMPsegments=\count129
\nofMParguments=\count130
\everyMPshowfont=\toks23
\MPscratchCnt=\count131
\MPscratchDim=\dimen129
\MPnumerator=\count132
\makeMPintoPDFobject=\count133
\everyMPtoPDFconversion=\toks24
) (/usr/share/texlive/texmf-dist/tex/latex/listings/lstlang1.sty
File: lstlang1.sty 2015/06/04 1.6 listings language file
)
(/usr/share/texlive/texmf-dist/tex/latex/listings/lstlang2.sty
File: lstlang2.sty 2015/06/04 1.6 listings language file
)
LaTeX Font Info:    Try loading font information for U+msa on input line 23.

(/usr/share/texlive/texmf-dist/tex/latex/amsfonts/umsa.fd
File: umsa.fd 2013/01/14 v3.01 AMS symbols A
)
LaTeX Font Info:    Try loading font information for U+msb on input line 23.

(/usr/share/texlive/texmf-dist/tex/latex/amsfonts/umsb.fd
File: umsb.fd 2013/01/14 v3.01 AMS symbols B
) [1

{/var/lib/texmf/fonts/map/pdftex/updmap/pdftex.map}]pdfTeX warning (ext4): dest
ination with the same identifier (name{page.1}) has been already used, duplicat
e ignored
<to be read again> 
                   \relax 
l.38  \end{abstract}
                     [1]pdfTeX warning (ext4): destination with the same identi
fier (name{page.1}) has been already used, duplicate ignored
<to be read again> 
                   \relax 
l.46  \tableofcontents
                      {} [1] (./Project2.toc [2

])
\tf@toc=\write5
\openout5 = `Project2.toc'.

 [3]
Chapter 1.
[4

]
Chapter 2.
LaTeX Font Info:    Try loading font information for OML+cmr on input line 129.

(/usr/share/texlive/texmf-dist/tex/latex/base/omlcmr.fd
File: omlcmr.fd 2014/09/29 v2.5h Standard LaTeX font definitions
)
LaTeX Font Info:    Font shape `OML/cmr/m/n' in size <10> not available
(Font)              Font shape `OML/cmm/m/it' tried instead on input line 129.
Missing character: There is no ‚ in font cmr10!
Missing character: There is no Ä in font cmr10!
Missing character: There is no ú in font cmr10!
Missing character: There is no À in font cmr10!
Missing character: There is no Ü in font cmr10!
Missing character: There is no ‚ in font cmr10!
Missing character: There is no Ä in font cmr10!
Missing character: There is no ù in font cmr10!
Missing character: There is no À in font cmr10!
Missing character: There is no Ü in font cmr10!
Missing character: There is no ‚ in font cmr10!
Missing character: There is no Ä in font cmr10!
Missing character: There is no ú in font cmr10!
Missing character: There is no ‚ in font cmr10!
Missing character: There is no Ä in font cmr10!
Missing character: There is no ù in font cmr10!

Overfull \hbox (32.98662pt too wide) in paragraph at lines 171--175
\OT1/cmr/m/n/10 where @ de-notes list ap-pend. For ex-am-ple [true,false] @ [fa
lse, false, false] re-sults in the list [true,false,false,false,false]. 
 []

[5

]
LaTeX Font Info:    Try loading font information for OMS+cmr on input line 208.

 (/usr/share/texlive/texmf-dist/tex/latex/base/omscmr.fd
File: omscmr.fd 2014/09/29 v2.5h Standard LaTeX font definitions
)
LaTeX Font Info:    Font shape `OMS/cmr/m/it' in size <10> not available
(Font)              Font shape `OMS/cmsy/m/n' tried instead on input line 208.
 [6] [7]
Chapter 3.
LaTeX Font Info:    Font shape `OMS/cmr/m/n' in size <10> not available
(Font)              Font shape `OMS/cmsy/m/n' tried instead on input line 352.
pdfTeX warning (ext4): destination with the same identifier (name{sessioncount.
1}) has been already used, duplicate ignored
<to be read again> 
                   \relax 
l.371 \begin{session}
                      [8

]
Chapter 4.
pdfTeX warning (ext4): destination with the same identifier (name{sessioncount.
1}) has been already used, duplicate ignored
<to be read again> 
                   \relax 
l.444 \begin{session}
                      [9

] [10]
Chapter 5.
pdfTeX warning (ext4): destination with the same identifier (name{sessioncount.
1}) has been already used, duplicate ignored
<to be read again> 
                   \relax 
l.514 \begin{session}
                      [11

]
Chapter 6.
Missing character: There is no Œ in font cmr10!
Missing character: There is no ± in font cmr10!
Missing character: There is no ¬ in font cmr10!
Missing character: There is no ¨ in font cmr10!
Missing character: There is no ‚ in font cmr10!
Missing character: There is no à in font cmr10!
Missing character: There is no Ä in font cmr10!
Missing character: There is no ‚ in font cmr10!
Missing character: There is no à in font cmr10!
Missing character: There is no ® in font cmr10!
Missing character: There is no ‚ in font cmr10!
Missing character: There is no à in font cmr10!
Missing character: There is no É in font cmr10!
Missing character: There is no ¬ in font cmr10!
Missing character: There is no ¨ in font cmr10!
Missing character: There is no ‚ in font cmr10!
Missing character: There is no à in font cmr10!
Missing character: There is no ß in font cmr10!
Missing character: There is no ¬ in font cmr10!
Missing character: There is no ¨ in font cmr10!
[12

]pdfTeX warning (ext4): destination with the same identifier (name{sessioncount
.1}) has been already used, duplicate ignored
<to be read again> 
                   \relax 
l.618 \begin{session}
                      [13]
Chapter 7.
(./ML/ex-4-6-3Tests.sml
Overfull \hbox (10.2499pt too wide) in paragraph at lines 3--4
[][][][][][] 
 []


Overfull \hbox (10.2499pt too wide) in paragraph at lines 4--5
[][][][][][][][][][][][] 
 []


Overfull \hbox (10.2499pt too wide) in paragraph at lines 5--6
[][][][][][][][][][][][][][][][][] 
 []


Overfull \hbox (10.2499pt too wide) in paragraph at lines 6--7
[][][][][][][][][][][][][][][][][][][][][][][][][] 
 []


Overfull \hbox (10.2499pt too wide) in paragraph at lines 7--8
[][][][][][][][][][][][][][][][][] 
 []


Overfull \hbox (10.2499pt too wide) in paragraph at lines 8--12
[][][][][][] 
 []


Overfull \hbox (10.2499pt too wide) in paragraph at lines 12--13
[][][][][][] 
 []


Overfull \hbox (10.2499pt too wide) in paragraph at lines 13--14
[][][][][][][][][][][][][][][][][][][] 
 []


Overfull \hbox (10.2499pt too wide) in paragraph at lines 14--15
[][][][][][][][] 
 []


Overfull \hbox (10.2499pt too wide) in paragraph at lines 15--16
[][][][][][][][] 
 []


Overfull \hbox (10.2499pt too wide) in paragraph at lines 16--18
[][][][][][] 
 []

[14

]
Overfull \hbox (10.2499pt too wide) in paragraph at lines 47--49
[][][][][][][][] 
 []


Overfull \hbox (10.2499pt too wide) in paragraph at lines 54--56
[][][][][][][][] 
 []


Overfull \hbox (10.2499pt too wide) in paragraph at lines 66--67
[][][][][][][][] 
 []


Overfull \hbox (10.2499pt too wide) in paragraph at lines 72--74
[][][][][][][][] 
 []


Overfull \hbox (10.2499pt too wide) in paragraph at lines 84--85
[][][][][][][][] 
 []


Overfull \hbox (10.2499pt too wide) in paragraph at lines 90--92
[][][][][][][][] 
 []

[15]
Overfull \hbox (10.2499pt too wide) in paragraph at lines 103--104
[][][][][][][][] 
 []


Overfull \hbox (10.2499pt too wide) in paragraph at lines 109--111
[][][][][][][][] 
 []


Overfull \hbox (10.2499pt too wide) in paragraph at lines 124--125
[][][][][][][][] 
 []


Overfull \hbox (10.2499pt too wide) in paragraph at lines 125--127
[][][][][][][][][][][][][][] 
 []


Overfull \hbox (10.2499pt too wide) in paragraph at lines 130--132
[][][][][][][][] 
 []

) [16]
Chapter 8.
(./ML/ex-4-6-4Tests.sml
Overfull \hbox (10.2499pt too wide) in paragraph at lines 1--2
[][][][][][] 
 []


Overfull \hbox (10.2499pt too wide) in paragraph at lines 2--3
[][][][][][][][][][][][] 
 []


Overfull \hbox (10.2499pt too wide) in paragraph at lines 3--4
[][][][][][][][][][][][][][][][][] 
 []


Overfull \hbox (10.2499pt too wide) in paragraph at lines 4--5
[][][][][][][][][][][][][][][][][][][][][][][][][] 
 []


Overfull \hbox (10.2499pt too wide) in paragraph at lines 5--6
[][][][][][][][][][][][][][][][][] 
 []


Overfull \hbox (10.2499pt too wide) in paragraph at lines 6--8
[][][][][][] 
 []


Overfull \hbox (10.2499pt too wide) in paragraph at lines 8--9
[][][][][][][][] 
 []


Overfull \hbox (10.2499pt too wide) in paragraph at lines 18--21
[][][][][][][][] 
 []

) [17

]
Chapter 9.
(./ML/ex-5-3-4Tests.sml
Overfull \hbox (10.2499pt too wide) in paragraph at lines 1--2
[][][][][][] 
 []


Overfull \hbox (10.2499pt too wide) in paragraph at lines 2--3
[][][][][][][][][][][][] 
 []


Overfull \hbox (10.2499pt too wide) in paragraph at lines 3--4
[][][][][][][][][][][][][][][][][] 
 []


Overfull \hbox (10.2499pt too wide) in paragraph at lines 4--5
[][][][][][][][][][][][][][][][][][][][][][][] 
 []


Overfull \hbox (10.2499pt too wide) in paragraph at lines 5--6
[][][][][][][][][][][][][][][][][] 
 []


Overfull \hbox (10.2499pt too wide) in paragraph at lines 6--8
[][][][][][] 
 []


Overfull \hbox (10.2499pt too wide) in paragraph at lines 8--9
[][][][][][][][] 
 []


Overfull \hbox (10.2499pt too wide) in paragraph at lines 9--11
[][][][][][][][][][][][] 
 []


Overfull \hbox (10.2499pt too wide) in paragraph at lines 24--27
[][][][][][][][] 
 []

) [18

]
Chapter 10.
(./ML/ex-5-3-5Tests.sml
Overfull \hbox (10.2499pt too wide) in paragraph at lines 1--2
[][][][][][] 
 []


Overfull \hbox (10.2499pt too wide) in paragraph at lines 2--3
[][][][][][][][][][][][] 
 []


Overfull \hbox (10.2499pt too wide) in paragraph at lines 3--4
[][][][][][][][][][][][][][][][][] 
 []


Overfull \hbox (10.2499pt too wide) in paragraph at lines 4--5
[][][][][][][][][][][][][][][][][] 
 []


Overfull \hbox (10.2499pt too wide) in paragraph at lines 5--7
[][][][][][] 
 []


Overfull \hbox (10.2499pt too wide) in paragraph at lines 7--8
[][][][][][][][] 
 []


Overfull \hbox (10.2499pt too wide) in paragraph at lines 8--10
[][][][][][][][][][][][] 
 []


Overfull \hbox (10.2499pt too wide) in paragraph at lines 22--24
[][][][][][][][] 
 []

) [19

]
Chapter 11.
(./ML/ex-6-2-1.sml
Overfull \hbox (10.2499pt too wide) in paragraph at lines 1--2
[][][][][][] 
 []


Overfull \hbox (10.2499pt too wide) in paragraph at lines 2--3
[][][][][][][][][][][][] 
 []


Overfull \hbox (10.2499pt too wide) in paragraph at lines 3--4
[][][][][][][][][][][][][][][] 
 []


Overfull \hbox (10.2499pt too wide) in paragraph at lines 4--5
[][][][][][][][][][][][][][][][][] 
 []


Overfull \hbox (10.2499pt too wide) in paragraph at lines 5--8
[][][][][][] 
 []


Overfull \hbox (40.2502pt too wide) in paragraph at lines 26--27
[][][][][][][][][][][][][][][][][][][][][][][][][][][][][][][][][][][][][] 
 []

)
Package atveryend Info: Empty hook `BeforeClearDocument' on input line 717.
 [20

]
Package atveryend Info: Empty hook `AfterLastShipout' on input line 717.
 (./Project2.aux)
Package atveryend Info: Executing hook `AtVeryEndDocument' on input line 717.
Package atveryend Info: Executing hook `AtEndAfterFileList' on input line 717.
Package rerunfilecheck Info: File `Project2.out' has not changed.
(rerunfilecheck)             Checksum: AFB507F6911F0E3A8266940A2B2FE5DB;2911.
Package atveryend Info: Empty hook `AtVeryVeryEnd' on input line 717.
 ) 
Here is how much of TeX's memory you used:
 8946 strings out of 494953
 127508 string characters out of 6180977
 257389 words of memory out of 5000000
 11626 multiletter control sequences out of 15000+600000
 14053 words of font info for 54 fonts, out of 8000000 for 9000
 14 hyphenation exceptions out of 8191
 39i,12n,48p,266b,1682s stack positions out of 5000i,500n,10000p,200000b,80000s
</usr/share/texlive/texmf-dist/fonts/type1/public/amsfonts/cm/cmbx10.pfb></us
r/share/texlive/texmf-dist/fonts/type1/public/amsfonts/cm/cmbx12.pfb></usr/shar
e/texlive/texmf-dist/fonts/type1/public/amsfonts/cm/cmbx7.pfb></usr/share/texli
ve/texmf-dist/fonts/type1/public/amsfonts/cm/cmcsc10.pfb></usr/share/texlive/te
xmf-dist/fonts/type1/public/amsfonts/cm/cmmi10.pfb></usr/share/texlive/texmf-di
st/fonts/type1/public/amsfonts/cm/cmr10.pfb></usr/share/texlive/texmf-dist/font
s/type1/public/amsfonts/cm/cmr12.pfb></usr/share/texlive/texmf-dist/fonts/type1
/public/amsfonts/cm/cmr17.pfb></usr/share/texlive/texmf-dist/fonts/type1/public
/amsfonts/cm/cmr7.pfb></usr/share/texlive/texmf-dist/fonts/type1/public/amsfont
s/cm/cmsl8.pfb></usr/share/texlive/texmf-dist/fonts/type1/public/amsfonts/cm/cm
sy10.pfb></usr/share/texlive/texmf-dist/fonts/type1/public/amsfonts/cm/cmti10.p
fb></usr/share/texlive/texmf-dist/fonts/type1/public/amsfonts/cm/cmtt10.pfb></u
sr/share/texlive/texmf-dist/fonts/type1/public/amsfonts/cm/cmtt8.pfb></usr/shar
e/texlive/texmf-dist/fonts/type1/public/amsfonts/latxfont/lcircle1.pfb>
Output written on Project2.pdf (22 pages, 219161 bytes).
PDF statistics:
 950 PDF objects out of 1000 (max. 8388607)
 901 compressed objects within 10 object streams
 486 named destinations out of 1000 (max. 500000)
 377 words of extra memory for PDF output out of 10000 (max. 10000000)

