\BOOKMARK [0][-]{chapter.1}{Executive Summary}{}% 1
\BOOKMARK [0][-]{chapter.2}{Exercise 4.6.3}{}% 2
\BOOKMARK [1][-]{section.2.1}{Problem Statement}{chapter.2}% 3
\BOOKMARK [1][-]{section.2.2}{Relevant Code}{chapter.2}% 4
\BOOKMARK [2][-]{subsection.2.2.1}{4.6.3A}{section.2.2}% 5
\BOOKMARK [2][-]{subsection.2.2.2}{4.6.3B}{section.2.2}% 6
\BOOKMARK [2][-]{subsection.2.2.3}{4.6.3C}{section.2.2}% 7
\BOOKMARK [2][-]{subsection.2.2.4}{4.6.3D}{section.2.2}% 8
\BOOKMARK [2][-]{subsection.2.2.5}{4.6.3E}{section.2.2}% 9
\BOOKMARK [1][-]{section.2.3}{Test Cases}{chapter.2}% 10
\BOOKMARK [1][-]{section.2.4}{Execution Transcripts}{chapter.2}% 11
\BOOKMARK [2][-]{subsection.2.4.1}{Explanation of Results}{section.2.4}% 12
\BOOKMARK [0][-]{chapter.3}{Exercise 4.6.4}{}% 13
\BOOKMARK [1][-]{section.3.1}{Problem Statement}{chapter.3}% 14
\BOOKMARK [1][-]{section.3.2}{Relevant Code}{chapter.3}% 15
\BOOKMARK [1][-]{section.3.3}{Test Cases}{chapter.3}% 16
\BOOKMARK [1][-]{section.3.4}{Execution Transcripts}{chapter.3}% 17
\BOOKMARK [2][-]{subsection.3.4.1}{Explanation of Results}{section.3.4}% 18
\BOOKMARK [0][-]{chapter.4}{Exercise 5.3.4}{}% 19
\BOOKMARK [1][-]{section.4.1}{Problem Statement}{chapter.4}% 20
\BOOKMARK [1][-]{section.4.2}{Relevant Code}{chapter.4}% 21
\BOOKMARK [1][-]{section.4.3}{Test Cases}{chapter.4}% 22
\BOOKMARK [1][-]{section.4.4}{Execution Transcripts}{chapter.4}% 23
\BOOKMARK [2][-]{subsection.4.4.1}{Explanation of Results}{section.4.4}% 24
\BOOKMARK [0][-]{chapter.5}{Exercise 5.3.5}{}% 25
\BOOKMARK [1][-]{section.5.1}{Problem Statement}{chapter.5}% 26
\BOOKMARK [1][-]{section.5.2}{Relevant Code}{chapter.5}% 27
\BOOKMARK [1][-]{section.5.3}{Test Cases}{chapter.5}% 28
\BOOKMARK [1][-]{section.5.4}{Execution Transcripts}{chapter.5}% 29
\BOOKMARK [2][-]{subsection.5.4.1}{Explanation of Results}{section.5.4}% 30
\BOOKMARK [0][-]{chapter.6}{Exercise 6.2.1}{}% 31
\BOOKMARK [1][-]{section.6.1}{Problem Statement}{chapter.6}% 32
\BOOKMARK [1][-]{section.6.2}{Relevant Code}{chapter.6}% 33
\BOOKMARK [2][-]{subsection.6.2.1}{6.2.1.1}{section.6.2}% 34
\BOOKMARK [2][-]{subsection.6.2.2}{6.2.1.2}{section.6.2}% 35
\BOOKMARK [2][-]{subsection.6.2.3}{6.2.1.3}{section.6.2}% 36
\BOOKMARK [2][-]{subsection.6.2.4}{6.2.1.4}{section.6.2}% 37
\BOOKMARK [2][-]{subsection.6.2.5}{6.2.1.5}{section.6.2}% 38
\BOOKMARK [2][-]{subsection.6.2.6}{6.2.1.6}{section.6.2}% 39
\BOOKMARK [2][-]{subsection.6.2.7}{6.2.1.7}{section.6.2}% 40
\BOOKMARK [1][-]{section.6.3}{Execution Transcripts}{chapter.6}% 41
\BOOKMARK [2][-]{subsection.6.3.1}{Explanation of Error for 6.2.1.4}{section.6.3}% 42
\BOOKMARK [0][-]{chapter.7}{Appendix A: Exercise 4.6.3}{}% 43
\BOOKMARK [0][-]{chapter.8}{Appendix B: Exercise 4.6.4}{}% 44
\BOOKMARK [0][-]{chapter.9}{Appendix C: Exercise 5.3.4}{}% 45
\BOOKMARK [0][-]{chapter.10}{Appendix D: Exercise 5.3.5}{}% 46
\BOOKMARK [0][-]{chapter.11}{Appendix E: Exercise 6.2.1}{}% 47
