\BOOKMARK [0][-]{chapter.1}{Executive Summary}{}% 1
\BOOKMARK [0][-]{chapter.2}{Exercise 15.6.1}{}% 2
\BOOKMARK [1][-]{section.2.1}{Problem Statement}{chapter.2}% 3
\BOOKMARK [1][-]{section.2.2}{Proof of exercise15\1376\1371a\137thm}{chapter.2}% 4
\BOOKMARK [2][-]{subsection.2.2.1}{Relevant Code}{section.2.2}% 5
\BOOKMARK [2][-]{subsection.2.2.2}{Execution Transcripts}{section.2.2}% 6
\BOOKMARK [2][-]{subsection.2.2.3}{Explanation of Results}{section.2.2}% 7
\BOOKMARK [1][-]{section.2.3}{Proof of exercise15\1376\1371b\137thm}{chapter.2}% 8
\BOOKMARK [2][-]{subsection.2.3.1}{Relevant Code}{section.2.3}% 9
\BOOKMARK [2][-]{subsection.2.3.2}{Execution Transcripts}{section.2.3}% 10
\BOOKMARK [2][-]{subsection.2.3.3}{Explanation of Results}{section.2.3}% 11
\BOOKMARK [0][-]{chapter.3}{Exercise 15.6.2}{}% 12
\BOOKMARK [1][-]{section.3.1}{Problem Statement}{chapter.3}% 13
\BOOKMARK [1][-]{section.3.2}{Proof of exercise15\1376\1372a\137thm}{chapter.3}% 14
\BOOKMARK [2][-]{subsection.3.2.1}{Relevant Code}{section.3.2}% 15
\BOOKMARK [2][-]{subsection.3.2.2}{Execution Transcripts}{section.3.2}% 16
\BOOKMARK [2][-]{subsection.3.2.3}{Explanation of Results}{section.3.2}% 17
\BOOKMARK [1][-]{section.3.3}{Proof of exercise15\1376\1372b\137thm}{chapter.3}% 18
\BOOKMARK [2][-]{subsection.3.3.1}{Relevant Code}{section.3.3}% 19
\BOOKMARK [2][-]{subsection.3.3.2}{Execution Transcripts}{section.3.3}% 20
\BOOKMARK [2][-]{subsection.3.3.3}{Explanation of Results}{section.3.3}% 21
\BOOKMARK [0][-]{chapter.4}{Exercise 15.6.3}{}% 22
\BOOKMARK [1][-]{section.4.1}{Problem Statement}{chapter.4}% 23
\BOOKMARK [2][-]{subsection.4.1.1}{Relevant Code}{section.4.1}% 24
\BOOKMARK [2][-]{subsection.4.1.2}{Execution Transcripts}{section.4.1}% 25
\BOOKMARK [2][-]{subsection.4.1.3}{Explanation of Results}{section.4.1}% 26
\BOOKMARK [0][-]{chapter.5}{Appendix A: cipherScript}{}% 27
\BOOKMARK [0][-]{chapter.6}{Appendix B: cryptoExericisesScript }{}% 28
