\BOOKMARK [0][-]{chapter.1}{Executive Summary}{}% 1
\BOOKMARK [0][-]{chapter.2}{Exercise 9.5.1}{}% 2
\BOOKMARK [1][-]{section.2.1}{Problem Statement}{chapter.2}% 3
\BOOKMARK [1][-]{section.2.2}{Relevant Code}{chapter.2}% 4
\BOOKMARK [1][-]{section.2.3}{Execution Transcripts}{chapter.2}% 5
\BOOKMARK [2][-]{subsection.2.3.1}{Explanation of Results}{section.2.3}% 6
\BOOKMARK [0][-]{chapter.3}{Exercise 9.5.2}{}% 7
\BOOKMARK [1][-]{section.3.1}{Problem Statement}{chapter.3}% 8
\BOOKMARK [1][-]{section.3.2}{Relevant Code}{chapter.3}% 9
\BOOKMARK [1][-]{section.3.3}{Execution Transcripts}{chapter.3}% 10
\BOOKMARK [2][-]{subsection.3.3.1}{Explanation of Results}{section.3.3}% 11
\BOOKMARK [0][-]{chapter.4}{Exercise 9.5.3}{}% 12
\BOOKMARK [1][-]{section.4.1}{Problem Statement}{chapter.4}% 13
\BOOKMARK [1][-]{section.4.2}{Relevant Code}{chapter.4}% 14
\BOOKMARK [1][-]{section.4.3}{Execution Transcripts}{chapter.4}% 15
\BOOKMARK [2][-]{subsection.4.3.1}{Explanation of Results}{section.4.3}% 16
\BOOKMARK [0][-]{chapter.5}{Exercise 10.4.1}{}% 17
\BOOKMARK [1][-]{section.5.1}{Problem Statement}{chapter.5}% 18
\BOOKMARK [1][-]{section.5.2}{Relevant Code}{chapter.5}% 19
\BOOKMARK [1][-]{section.5.3}{Execution Transcripts}{chapter.5}% 20
\BOOKMARK [2][-]{subsection.5.3.1}{Explanation of Results}{section.5.3}% 21
\BOOKMARK [0][-]{chapter.6}{Exercise 10.4.2}{}% 22
\BOOKMARK [1][-]{section.6.1}{Problem Statement}{chapter.6}% 23
\BOOKMARK [1][-]{section.6.2}{Relevant Code}{chapter.6}% 24
\BOOKMARK [1][-]{section.6.3}{Execution Transcripts}{chapter.6}% 25
\BOOKMARK [2][-]{subsection.6.3.1}{Explanation of Results}{section.6.3}% 26
\BOOKMARK [0][-]{chapter.7}{Appendix A: Chapter 9}{}% 27
\BOOKMARK [0][-]{chapter.8}{Appendix B: Chapter 10}{}% 28
